# JRE version: OpenJDK Runtime Environment Temurin-21.0.10+7 (21.0.10+7) (build 21.0.10+7-LTS)
# Java VM: OpenJDK 64-Bit Server VM Temurin-21.0.10+7 (21.0.10+7-LTS, mixed mode, sharing, tiered, compressed oops, compressed class ptrs, parallel gc, windows-amd64)
GC Precious Log:
 CardTable entry size: 512
 CPUs: 4 total, 4 available
 Memory: 16249M
 Large Page Support: Disabled
 NUMA Support: Disabled
 Compressed Oops: Enabled (32-bit)
 Alignments: Space 512K, Generation 512K, Heap 2M
 Heap Min Capacity: 100M
 Heap Initial Capacity: 100M
 Heap Max Capacity: 2G
 Pre-touch: Disabled
 Parallel Workers: 4
Heap:
 PSYoungGen      total 16384K, used 6971K [0x00000000d5580000, 0x00000000d6780000, 0x0000000100000000)
  eden space 15872K, 43% used [0x00000000d5580000,0x00000000d5c36d20,0x00000000d6500000)
  from space 512K, 18% used [0x00000000d6680000,0x00000000d6698000,0x00000000d6700000)
  to   space 512K, 0% used [0x00000000d6700000,0x00000000d6700000,0x00000000d6780000)
 ParOldGen       total 68608K, used 45057K [0x0000000080000000, 0x0000000084300000, 0x00000000d5580000)
  object space 68608K, 65% used [0x0000000080000000,0x0000000082c006a8,0x0000000084300000)
 Metaspace       used 66078K, committed 67520K, reserved 1114112K
  class space    used 8324K, committed 8960K, reserved 1048576K
GC Heap History (20 events):
Event: 71.240 GC heap before
{Heap before GC invocations=51 (full 3):
 PSYoungGen      total 16896K, used 16784K [0x00000000d5580000, 0x00000000d6800000, 0x0000000100000000)
  eden space 15872K, 100% used [0x00000000d5580000,0x00000000d6500000,0x00000000d6500000)
  from space 1024K, 89% used [0x00000000d6680000,0x00000000d6764020,0x00000000d6780000)
  to   space 512K, 0% used [0x00000000d6780000,0x00000000d6780000,0x00000000d6800000)
 ParOldGen       total 68608K, used 41192K [0x0000000080000000, 0x0000000084300000, 0x00000000d5580000)
  object space 68608K, 60% used [0x0000000080000000,0x000000008283a168,0x0000000084300000)
 Metaspace       used 63153K, committed 64448K, reserved 1114112K
  class space    used 7985K, committed 8640K, reserved 1048576K
}
Event: 71.241 GC heap after
{Heap after GC invocations=51 (full 3):
 PSYoungGen      total 16384K, used 128K [0x00000000d5580000, 0x00000000d6800000, 0x0000000100000000)
  eden space 15872K, 0% used [0x00000000d5580000,0x00000000d5580000,0x00000000d6500000)
  from space 512K, 25% used [0x00000000d6780000,0x00000000d67a0000,0x00000000d6800000)
  to   space 512K, 0% used [0x00000000d6700000,0x00000000d6700000,0x00000000d6780000)
 ParOldGen       total 68608K, used 42028K [0x0000000080000000, 0x0000000084300000, 0x00000000d5580000)
  object space 68608K, 61% used [0x0000000080000000,0x000000008290b1a8,0x0000000084300000)
 Metaspace       used 63153K, committed 64448K, reserved 1114112K
  class space    used 7985K, committed 8640K, reserved 1048576K
}
Event: 82.313 GC heap before
{Heap before GC invocations=52 (full 3):
 PSYoungGen      total 16384K, used 16000K [0x00000000d5580000, 0x00000000d6800000, 0x0000000100000000)
  eden space 15872K, 100% used [0x00000000d5580000,0x00000000d6500000,0x00000000d6500000)
  from space 512K, 25% used [0x00000000d6780000,0x00000000d67a0000,0x00000000d6800000)
  to   space 512K, 0% used [0x00000000d6700000,0x00000000d6700000,0x00000000d6780000)
 ParOldGen       total 68608K, used 42028K [0x0000000080000000, 0x0000000084300000, 0x00000000d5580000)
  object space 68608K, 61% used [0x0000000080000000,0x000000008290b1a8,0x0000000084300000)
 Metaspace       used 63673K, committed 65024K, reserved 1114112K
  class space    used 8064K, committed 8704K, reserved 1048576K
}
Event: 82.314 GC heap after
{Heap after GC invocations=52 (full 3):
 PSYoungGen      total 16384K, used 508K [0x00000000d5580000, 0x00000000d6800000, 0x0000000100000000)
  eden space 15872K, 0% used [0x00000000d5580000,0x00000000d5580000,0x00000000d6500000)
  from space 512K, 99% used [0x00000000d6700000,0x00000000d677f3f0,0x00000000d6780000)
  to   space 512K, 0% used [0x00000000d6780000,0x00000000d6780000,0x00000000d6800000)
 ParOldGen       total 68608K, used 42384K [0x0000000080000000, 0x0000000084300000, 0x00000000d5580000)
  object space 68608K, 61% used [0x0000000080000000,0x00000000829640c8,0x0000000084300000)
 Metaspace       used 63673K, committed 65024K, reserved 1114112K
  class space    used 8064K, committed 8704K, reserved 1048576K
}
Event: 86.207 GC heap before
{Heap before GC invocations=53 (full 3):
 PSYoungGen      total 16384K, used 16380K [0x00000000d5580000, 0x00000000d6800000, 0x0000000100000000)
  eden space 15872K, 100% used [0x00000000d5580000,0x00000000d6500000,0x00000000d6500000)
  from space 512K, 99% used [0x00000000d6700000,0x00000000d677f3f0,0x00000000d6780000)
  to   space 512K, 0% used [0x00000000d6780000,0x00000000d6780000,0x00000000d6800000)
 ParOldGen       total 68608K, used 42384K [0x0000000080000000, 0x0000000084300000, 0x00000000d5580000)
  object space 68608K, 61% used [0x0000000080000000,0x00000000829640c8,0x0000000084300000)
 Metaspace       used 63722K, committed 65088K, reserved 1114112K
  class space    used 8068K, committed 8704K, reserved 1048576K
}
Event: 86.208 GC heap after
{Heap after GC invocations=53 (full 3):
 PSYoungGen      total 16384K, used 224K [0x00000000d5580000, 0x00000000d6800000, 0x0000000100000000)
  eden space 15872K, 0% used [0x00000000d5580000,0x00000000d5580000,0x00000000d6500000)
  from space 512K, 43% used [0x00000000d6780000,0x00000000d67b8000,0x00000000d6800000)
  to   space 512K, 0% used [0x00000000d6700000,0x00000000d6700000,0x00000000d6780000)
 ParOldGen       total 68608K, used 42917K [0x0000000080000000, 0x0000000084300000, 0x00000000d5580000)
  object space 68608K, 62% used [0x0000000080000000,0x00000000829e94b8,0x0000000084300000)
 Metaspace       used 63722K, committed 65088K, reserved 1114112K
  class space    used 8068K, committed 8704K, reserved 1048576K
}
Event: 103.543 GC heap before
{Heap before GC invocations=54 (full 3):
 PSYoungGen      total 16384K, used 16096K [0x00000000d5580000, 0x00000000d6800000, 0x0000000100000000)
  eden space 15872K, 100% used [0x00000000d5580000,0x00000000d6500000,0x00000000d6500000)
  from space 512K, 43% used [0x00000000d6780000,0x00000000d67b8000,0x00000000d6800000)
  to   space 512K, 0% used [0x00000000d6700000,0x00000000d6700000,0x00000000d6780000)
 ParOldGen       total 68608K, used 42917K [0x0000000080000000, 0x0000000084300000, 0x00000000d5580000)
  object space 68608K, 62% used [0x0000000080000000,0x00000000829e94b8,0x0000000084300000)
 Metaspace       used 64048K, committed 65472K, reserved 1114112K
  class space    used 8112K, committed 8768K, reserved 1048576K
}
Event: 103.545 GC heap after
{Heap after GC invocations=54 (full 3):
 PSYoungGen      total 16384K, used 512K [0x00000000d5580000, 0x00000000d6800000, 0x0000000100000000)
  eden space 15872K, 0% used [0x00000000d5580000,0x00000000d5580000,0x00000000d6500000)
  from space 512K, 100% used [0x00000000d6700000,0x00000000d6780000,0x00000000d6780000)
  to   space 512K, 0% used [0x00000000d6780000,0x00000000d6780000,0x00000000d6800000)
 ParOldGen       total 68608K, used 43355K [0x0000000080000000, 0x0000000084300000, 0x00000000d5580000)
  object space 68608K, 63% used [0x0000000080000000,0x0000000082a56f38,0x0000000084300000)
 Metaspace       used 64048K, committed 65472K, reserved 1114112K
  class space    used 8112K, committed 8768K, reserved 1048576K
}
Event: 104.828 GC heap before
{Heap before GC invocations=55 (full 3):
 PSYoungGen      total 16384K, used 16383K [0x00000000d5580000, 0x00000000d6800000, 0x0000000100000000)
  eden space 15872K, 99% used [0x00000000d5580000,0x00000000d64ffff8,0x00000000d6500000)
  from space 512K, 100% used [0x00000000d6700000,0x00000000d6780000,0x00000000d6780000)
  to   space 512K, 0% used [0x00000000d6780000,0x00000000d6780000,0x00000000d6800000)
 ParOldGen       total 68608K, used 43355K [0x0000000080000000, 0x0000000084300000, 0x00000000d5580000)
  object space 68608K, 63% used [0x0000000080000000,0x0000000082a56f38,0x0000000084300000)
 Metaspace       used 64513K, committed 65984K, reserved 1114112K
  class space    used 8146K, committed 8832K, reserved 1048576K
}
Event: 104.830 GC heap after
{Heap after GC invocations=55 (full 3):
 PSYoungGen      total 16384K, used 492K [0x00000000d5580000, 0x00000000d6800000, 0x0000000100000000)
  eden space 15872K, 0% used [0x00000000d5580000,0x00000000d5580000,0x00000000d6500000)
  from space 512K, 96% used [0x00000000d6780000,0x00000000d67fb020,0x00000000d6800000)
  to   space 1536K, 0% used [0x00000000d6500000,0x00000000d6500000,0x00000000d6680000)
 ParOldGen       total 68608K, used 44061K [0x0000000080000000, 0x0000000084300000, 0x00000000d5580000)
  object space 68608K, 64% used [0x0000000080000000,0x0000000082b07558,0x0000000084300000)
 Metaspace       used 64513K, committed 65984K, reserved 1114112K
  class space    used 8146K, committed 8832K, reserved 1048576K
}
Event: 105.340 GC heap before
{Heap before GC invocations=56 (full 3):
 PSYoungGen      total 16384K, used 16364K [0x00000000d5580000, 0x00000000d6800000, 0x0000000100000000)
  eden space 15872K, 99% used [0x00000000d5580000,0x00000000d64fffe0,0x00000000d6500000)
  from space 512K, 96% used [0x00000000d6780000,0x00000000d67fb020,0x00000000d6800000)
  to   space 1536K, 0% used [0x00000000d6500000,0x00000000d6500000,0x00000000d6680000)
 ParOldGen       total 68608K, used 44061K [0x0000000080000000, 0x0000000084300000, 0x00000000d5580000)
  object space 68608K, 64% used [0x0000000080000000,0x0000000082b07558,0x0000000084300000)
 Metaspace       used 65504K, committed 67008K, reserved 1114112K
  class space    used 8272K, committed 8960K, reserved 1048576K
}
Event: 105.341 GC heap after
{Heap after GC invocations=56 (full 3):
 PSYoungGen      total 17408K, used 328K [0x00000000d5580000, 0x00000000d6800000, 0x0000000100000000)
  eden space 15872K, 0% used [0x00000000d5580000,0x00000000d5580000,0x00000000d6500000)
  from space 1536K, 21% used [0x00000000d6500000,0x00000000d65521b8,0x00000000d6680000)
  to   space 1024K, 0% used [0x00000000d6700000,0x00000000d6700000,0x00000000d6800000)
 ParOldGen       total 68608K, used 44546K [0x0000000080000000, 0x0000000084300000, 0x00000000d5580000)
  object space 68608K, 64% used [0x0000000080000000,0x0000000082b80840,0x0000000084300000)
 Metaspace       used 65504K, committed 67008K, reserved 1114112K
  class space    used 8272K, committed 8960K, reserved 1048576K
}
Event: 406.532 GC heap before
{Heap before GC invocations=57 (full 3):
 PSYoungGen      total 17408K, used 16091K [0x00000000d5580000, 0x00000000d6800000, 0x0000000100000000)
  eden space 15872K, 99% used [0x00000000d5580000,0x00000000d64e4c80,0x00000000d6500000)
  from space 1536K, 21% used [0x00000000d6500000,0x00000000d65521b8,0x00000000d6680000)
  to   space 1024K, 0% used [0x00000000d6700000,0x00000000d6700000,0x00000000d6800000)
 ParOldGen       total 68608K, used 44546K [0x0000000080000000, 0x0000000084300000, 0x00000000d5580000)
  object space 68608K, 64% used [0x0000000080000000,0x0000000082b80840,0x0000000084300000)
 Metaspace       used 65829K, committed 67328K, reserved 1114112K
  class space    used 8312K, committed 8960K, reserved 1048576K
}
Event: 406.533 GC heap after
{Heap after GC invocations=57 (full 3):
 PSYoungGen      total 16384K, used 252K [0x00000000d5580000, 0x00000000d6780000, 0x0000000100000000)
  eden space 15872K, 0% used [0x00000000d5580000,0x00000000d5580000,0x00000000d6500000)
  from space 512K, 49% used [0x00000000d6700000,0x00000000d673f3f8,0x00000000d6780000)
  to   space 512K, 0% used [0x00000000d6680000,0x00000000d6680000,0x00000000d6700000)
 ParOldGen       total 68608K, used 44804K [0x0000000080000000, 0x0000000084300000, 0x00000000d5580000)
  object space 68608K, 65% used [0x0000000080000000,0x0000000082bc12b0,0x0000000084300000)
 Metaspace       used 65829K, committed 67328K, reserved 1114112K
  class space    used 8312K, committed 8960K, reserved 1048576K
}
Event: 23595.850 GC heap before
{Heap before GC invocations=58 (full 3):
 PSYoungGen      total 16384K, used 16124K [0x00000000d5580000, 0x00000000d6780000, 0x0000000100000000)
  eden space 15872K, 100% used [0x00000000d5580000,0x00000000d6500000,0x00000000d6500000)
  from space 512K, 49% used [0x00000000d6700000,0x00000000d673f3f8,0x00000000d6780000)
  to   space 512K, 0% used [0x00000000d6680000,0x00000000d6680000,0x00000000d6700000)
 ParOldGen       total 68608K, used 44804K [0x0000000080000000, 0x0000000084300000, 0x00000000d5580000)
  object space 68608K, 65% used [0x0000000080000000,0x0000000082bc12b0,0x0000000084300000)
 Metaspace       used 66033K, committed 67520K, reserved 1114112K
  class space    used 8324K, committed 8960K, reserved 1048576K
}
Event: 23596.847 GC heap after
{Heap after GC invocations=58 (full 3):
 PSYoungGen      total 16384K, used 128K [0x00000000d5580000, 0x00000000d6780000, 0x0000000100000000)
  eden space 15872K, 0% used [0x00000000d5580000,0x00000000d5580000,0x00000000d6500000)
  from space 512K, 25% used [0x00000000d6680000,0x00000000d66a0000,0x00000000d6700000)
  to   space 512K, 0% used [0x00000000d6700000,0x00000000d6700000,0x00000000d6780000)
 ParOldGen       total 68608K, used 45009K [0x0000000080000000, 0x0000000084300000, 0x00000000d5580000)
  object space 68608K, 65% used [0x0000000080000000,0x0000000082bf46a8,0x0000000084300000)
 Metaspace       used 66033K, committed 67520K, reserved 1114112K
  class space    used 8324K, committed 8960K, reserved 1048576K
}
Event: 23607.974 GC heap before
{Heap before GC invocations=59 (full 3):
 PSYoungGen      total 16384K, used 16000K [0x00000000d5580000, 0x00000000d6780000, 0x0000000100000000)
  eden space 15872K, 100% used [0x00000000d5580000,0x00000000d6500000,0x00000000d6500000)
  from space 512K, 25% used [0x00000000d6680000,0x00000000d66a0000,0x00000000d6700000)
  to   space 512K, 0% used [0x00000000d6700000,0x00000000d6700000,0x00000000d6780000)
 ParOldGen       total 68608K, used 45009K [0x0000000080000000, 0x0000000084300000, 0x00000000d5580000)
  object space 68608K, 65% used [0x0000000080000000,0x0000000082bf46a8,0x0000000084300000)
 Metaspace       used 66062K, committed 67520K, reserved 1114112K
  class space    used 8324K, committed 8960K, reserved 1048576K
}
Event: 23607.974 GC heap after
{Heap after GC invocations=59 (full 3):
 PSYoungGen      total 16384K, used 96K [0x00000000d5580000, 0x00000000d6780000, 0x0000000100000000)
  eden space 15872K, 0% used [0x00000000d5580000,0x00000000d5580000,0x00000000d6500000)
  from space 512K, 18% used [0x00000000d6700000,0x00000000d6718000,0x00000000d6780000)
  to   space 512K, 0% used [0x00000000d6680000,0x00000000d6680000,0x00000000d6700000)
 ParOldGen       total 68608K, used 45049K [0x0000000080000000, 0x0000000084300000, 0x00000000d5580000)
  object space 68608K, 65% used [0x0000000080000000,0x0000000082bfe6a8,0x0000000084300000)
 Metaspace       used 66062K, committed 67520K, reserved 1114112K
  class space    used 8324K, committed 8960K, reserved 1048576K
}
Event: 23613.885 GC heap before
{Heap before GC invocations=60 (full 3):
 PSYoungGen      total 16384K, used 15968K [0x00000000d5580000, 0x00000000d6780000, 0x0000000100000000)
  eden space 15872K, 100% used [0x00000000d5580000,0x00000000d6500000,0x00000000d6500000)
  from space 512K, 18% used [0x00000000d6700000,0x00000000d6718000,0x00000000d6780000)
  to   space 512K, 0% used [0x00000000d6680000,0x00000000d6680000,0x00000000d6700000)
 ParOldGen       total 68608K, used 45049K [0x0000000080000000, 0x0000000084300000, 0x00000000d5580000)
  object space 68608K, 65% used [0x0000000080000000,0x0000000082bfe6a8,0x0000000084300000)
 Metaspace       used 66076K, committed 67520K, reserved 1114112K
  class space    used 8324K, committed 8960K, reserved 1048576K
}
Event: 23613.886 GC heap after
{Heap after GC invocations=60 (full 3):
 PSYoungGen      total 16384K, used 96K [0x00000000d5580000, 0x00000000d6780000, 0x0000000100000000)
  eden space 15872K, 0% used [0x00000000d5580000,0x00000000d5580000,0x00000000d6500000)
  from space 512K, 18% used [0x00000000d6680000,0x00000000d6698000,0x00000000d6700000)
  to   space 512K, 0% used [0x00000000d6700000,0x00000000d6700000,0x00000000d6780000)
 ParOldGen       total 68608K, used 45057K [0x0000000080000000, 0x0000000084300000, 0x00000000d5580000)
  object space 68608K, 65% used [0x0000000080000000,0x0000000082c006a8,0x0000000084300000)
 Metaspace       used 66076K, committed 67520K, reserved 1114112K
  class space    used 8324K, committed 8960K, reserved 1048576K
}

