# JRE version: OpenJDK Runtime Environment Temurin-21.0.10+7 (21.0.10+7) (build 21.0.10+7-LTS)
# Java VM: OpenJDK 64-Bit Server VM Temurin-21.0.10+7 (21.0.10+7-LTS, mixed mode, sharing, tiered, compressed oops, compressed class ptrs, g1 gc, windows-amd64)
GC Precious Log:
 CardTable entry size: 512
 Card Set container configuration: InlinePtr #cards 4 size 8 Array Of Cards #cards 32 size 80 Howl #buckets 8 coarsen threshold 7372 Howl Bitmap #cards 1024 size 144 coarsen threshold 921 Card regions per heap region 1 cards per card region 8192
 CPUs: 4 total, 4 available
 Memory: 16249M
 Large Page Support: Disabled
 NUMA Support: Disabled
 Compressed Oops: Enabled (Zero based)
 Heap Region Size: 4M
 Heap Min Capacity: 8M
 Heap Initial Capacity: 256M
 Heap Max Capacity: 8G
 Pre-touch: Disabled
 Parallel Workers: 4
 Concurrent Workers: 1
 Concurrent Refinement Workers: 4
 Periodic GC: Disabled
Heap:
 garbage-first heap   total 831488K, used 338802K [0x0000000600000000, 0x0000000800000000)
  region size 4096K, 5 young (20480K), 5 survivors (20480K)
 Metaspace       used 209170K, committed 212224K, reserved 1245184K
  class space    used 26543K, committed 28032K, reserved 1048576K
GC Heap History (20 events):
Event: 591.471 GC heap after
{Heap after GC invocations=87 (full 0):
 garbage-first heap   total 794624K, used 325341K [0x0000000600000000, 0x0000000800000000)
  region size 4096K, 10 young (40960K), 10 survivors (40960K)
 Metaspace       used 209143K, committed 212160K, reserved 1245184K
  class space    used 26546K, committed 28032K, reserved 1048576K
}
Event: 596.519 GC heap before
{Heap before GC invocations=87 (full 0):
 garbage-first heap   total 794624K, used 747229K [0x0000000600000000, 0x0000000800000000)
  region size 4096K, 113 young (462848K), 10 survivors (40960K)
 Metaspace       used 209158K, committed 212160K, reserved 1245184K
  class space    used 26547K, committed 28032K, reserved 1048576K
}
Event: 596.558 GC heap after
{Heap after GC invocations=88 (full 0):
 garbage-first heap   total 815104K, used 336276K [0x0000000600000000, 0x0000000800000000)
  region size 4096K, 13 young (53248K), 13 survivors (53248K)
 Metaspace       used 209158K, committed 212160K, reserved 1245184K
  class space    used 26547K, committed 28032K, reserved 1048576K
}
Event: 597.661 GC heap before
{Heap before GC invocations=88 (full 0):
 garbage-first heap   total 815104K, used 754068K [0x0000000600000000, 0x0000000800000000)
  region size 4096K, 116 young (475136K), 13 survivors (53248K)
 Metaspace       used 209162K, committed 212160K, reserved 1245184K
  class space    used 26547K, committed 28032K, reserved 1048576K
}
Event: 597.696 GC heap after
{Heap after GC invocations=89 (full 0):
 garbage-first heap   total 831488K, used 355433K [0x0000000600000000, 0x0000000800000000)
  region size 4096K, 10 young (40960K), 10 survivors (40960K)
 Metaspace       used 209162K, committed 212160K, reserved 1245184K
  class space    used 26547K, committed 28032K, reserved 1048576K
}
Event: 598.244 GC heap before
{Heap before GC invocations=90 (full 0):
 garbage-first heap   total 831488K, used 773225K [0x0000000600000000, 0x0000000800000000)
  region size 4096K, 113 young (462848K), 10 survivors (40960K)
 Metaspace       used 209165K, committed 212224K, reserved 1245184K
  class space    used 26547K, committed 28032K, reserved 1048576K
}
Event: 598.265 GC heap after
{Heap after GC invocations=91 (full 0):
 garbage-first heap   total 831488K, used 359288K [0x0000000600000000, 0x0000000800000000)
  region size 4096K, 5 young (20480K), 5 survivors (20480K)
 Metaspace       used 209165K, committed 212224K, reserved 1245184K
  class space    used 26547K, committed 28032K, reserved 1048576K
}
Event: 598.613 GC heap before
{Heap before GC invocations=91 (full 0):
 garbage-first heap   total 831488K, used 785272K [0x0000000600000000, 0x0000000800000000)
  region size 4096K, 109 young (446464K), 5 survivors (20480K)
 Metaspace       used 209165K, committed 212224K, reserved 1245184K
  class space    used 26547K, committed 28032K, reserved 1048576K
}
Event: 598.627 GC heap after
{Heap after GC invocations=92 (full 0):
 garbage-first heap   total 831488K, used 354645K [0x0000000600000000, 0x0000000800000000)
  region size 4096K, 5 young (20480K), 5 survivors (20480K)
 Metaspace       used 209165K, committed 212224K, reserved 1245184K
  class space    used 26547K, committed 28032K, reserved 1048576K
}
Event: 599.279 GC heap before
{Heap before GC invocations=92 (full 0):
 garbage-first heap   total 831488K, used 784725K [0x0000000600000000, 0x0000000800000000)
  region size 4096K, 110 young (450560K), 5 survivors (20480K)
 Metaspace       used 209168K, committed 212224K, reserved 1245184K
  class space    used 26547K, committed 28032K, reserved 1048576K
}
Event: 599.289 GC heap after
{Heap after GC invocations=93 (full 0):
 garbage-first heap   total 831488K, used 350416K [0x0000000600000000, 0x0000000800000000)
  region size 4096K, 4 young (16384K), 4 survivors (16384K)
 Metaspace       used 209168K, committed 212224K, reserved 1245184K
  class space    used 26547K, committed 28032K, reserved 1048576K
}
Event: 600.269 GC heap before
{Heap before GC invocations=94 (full 0):
 garbage-first heap   total 831488K, used 784592K [0x0000000600000000, 0x0000000800000000)
  region size 4096K, 110 young (450560K), 4 survivors (16384K)
 Metaspace       used 209152K, committed 212224K, reserved 1245184K
  class space    used 26542K, committed 28032K, reserved 1048576K
}
Event: 600.281 GC heap after
{Heap after GC invocations=95 (full 0):
 garbage-first heap   total 831488K, used 352544K [0x0000000600000000, 0x0000000800000000)
  region size 4096K, 5 young (20480K), 5 survivors (20480K)
 Metaspace       used 209152K, committed 212224K, reserved 1245184K
  class space    used 26542K, committed 28032K, reserved 1048576K
}
Event: 602.557 GC heap before
{Heap before GC invocations=95 (full 0):
 garbage-first heap   total 831488K, used 782624K [0x0000000600000000, 0x0000000800000000)
  region size 4096K, 110 young (450560K), 5 survivors (20480K)
 Metaspace       used 209153K, committed 212224K, reserved 1245184K
  class space    used 26542K, committed 28032K, reserved 1048576K
}
Event: 602.570 GC heap after
{Heap after GC invocations=96 (full 0):
 garbage-first heap   total 831488K, used 339006K [0x0000000600000000, 0x0000000800000000)
  region size 4096K, 3 young (12288K), 3 survivors (12288K)
 Metaspace       used 209153K, committed 212224K, reserved 1245184K
  class space    used 26542K, committed 28032K, reserved 1048576K
}
Event: 603.759 GC heap before
{Heap before GC invocations=96 (full 0):
 garbage-first heap   total 831488K, used 781374K [0x0000000600000000, 0x0000000800000000)
  region size 4096K, 112 young (458752K), 3 survivors (12288K)
 Metaspace       used 209165K, committed 212224K, reserved 1245184K
  class space    used 26542K, committed 28032K, reserved 1048576K
}
Event: 603.770 GC heap after
{Heap after GC invocations=97 (full 0):
 garbage-first heap   total 831488K, used 341118K [0x0000000600000000, 0x0000000800000000)
  region size 4096K, 4 young (16384K), 4 survivors (16384K)
 Metaspace       used 209165K, committed 212224K, reserved 1245184K
  class space    used 26542K, committed 28032K, reserved 1048576K
}
Event: 604.815 GC heap before
{Heap before GC invocations=98 (full 0):
 garbage-first heap   total 831488K, used 779390K [0x0000000600000000, 0x0000000800000000)
  region size 4096K, 112 young (458752K), 4 survivors (16384K)
 Metaspace       used 209165K, committed 212224K, reserved 1245184K
  class space    used 26542K, committed 28032K, reserved 1048576K
}
Event: 604.827 GC heap after
{Heap after GC invocations=99 (full 0):
 garbage-first heap   total 831488K, used 343463K [0x0000000600000000, 0x0000000800000000)
  region size 4096K, 4 young (16384K), 4 survivors (16384K)
 Metaspace       used 209165K, committed 212224K, reserved 1245184K
  class space    used 26542K, committed 28032K, reserved 1048576K
}
Event: 607.586 GC heap before
{Heap before GC invocations=99 (full 0):
 garbage-first heap   total 831488K, used 785831K [0x0000000600000000, 0x0000000800000000)
  region size 4096K, 112 young (458752K), 4 survivors (16384K)
 Metaspace       used 209170K, committed 212224K, reserved 1245184K
  class space    used 26543K, committed 28032K, reserved 1048576K
}

