# JRE version: OpenJDK Runtime Environment Temurin-21.0.10+7 (21.0.10+7) (build 21.0.10+7-LTS)
# Java VM: OpenJDK 64-Bit Server VM Temurin-21.0.10+7 (21.0.10+7-LTS, mixed mode, sharing, tiered, compressed oops, compressed class ptrs, parallel gc, windows-amd64)
GC Precious Log:
 CardTable entry size: 512
 CPUs: 4 total, 4 available
 Memory: 16249M
 Large Page Support: Disabled
 NUMA Support: Disabled
 Compressed Oops: Enabled (32-bit)
 Alignments: Space 512K, Generation 512K, Heap 2M
 Heap Min Capacity: 100M
 Heap Initial Capacity: 100M
 Heap Max Capacity: 2G
 Pre-touch: Disabled
 Parallel Workers: 4
Heap:
 PSYoungGen      total 23040K, used 21357K [0x00000000d5580000, 0x00000000d7180000, 0x0000000100000000)
  eden space 22016K, 92% used [0x00000000d5580000,0x00000000d695b400,0x00000000d6b00000)
  from space 1024K, 100% used [0x00000000d7080000,0x00000000d7180000,0x00000000d7180000)
  to   space 2048K, 0% used [0x00000000d6d80000,0x00000000d6d80000,0x00000000d6f80000)
 ParOldGen       total 68608K, used 42631K [0x0000000080000000, 0x0000000084300000, 0x00000000d5580000)
  object space 68608K, 62% used [0x0000000080000000,0x00000000829a1fb8,0x0000000084300000)
 Metaspace       used 65927K, committed 67456K, reserved 1114112K
  class space    used 8329K, committed 9024K, reserved 1048576K
GC Heap History (20 events):
Event: 257.970 GC heap before
{Heap before GC invocations=38 (full 3):
 PSYoungGen      total 23040K, used 22732K [0x00000000d5580000, 0x00000000d7280000, 0x0000000100000000)
  eden space 22016K, 100% used [0x00000000d5580000,0x00000000d6b00000,0x00000000d6b00000)
  from space 1024K, 69% used [0x00000000d7180000,0x00000000d72331c8,0x00000000d7280000)
  to   space 1024K, 0% used [0x00000000d7080000,0x00000000d7080000,0x00000000d7180000)
 ParOldGen       total 68608K, used 39927K [0x0000000080000000, 0x0000000084300000, 0x00000000d5580000)
  object space 68608K, 58% used [0x0000000080000000,0x00000000826fdc80,0x0000000084300000)
 Metaspace       used 59088K, committed 60416K, reserved 1114112K
  class space    used 7424K, committed 8000K, reserved 1048576K
}
Event: 257.970 GC heap after
{Heap after GC invocations=38 (full 3):
 PSYoungGen      total 23040K, used 588K [0x00000000d5580000, 0x00000000d7200000, 0x0000000100000000)
  eden space 22016K, 0% used [0x00000000d5580000,0x00000000d5580000,0x00000000d6b00000)
  from space 1024K, 57% used [0x00000000d7080000,0x00000000d7113220,0x00000000d7180000)
  to   space 512K, 0% used [0x00000000d7180000,0x00000000d7180000,0x00000000d7200000)
 ParOldGen       total 68608K, used 39943K [0x0000000080000000, 0x0000000084300000, 0x00000000d5580000)
  object space 68608K, 58% used [0x0000000080000000,0x0000000082701c80,0x0000000084300000)
 Metaspace       used 59088K, committed 60416K, reserved 1114112K
  class space    used 7424K, committed 8000K, reserved 1048576K
}
Event: 258.080 GC heap before
{Heap before GC invocations=39 (full 3):
 PSYoungGen      total 23040K, used 22604K [0x00000000d5580000, 0x00000000d7200000, 0x0000000100000000)
  eden space 22016K, 100% used [0x00000000d5580000,0x00000000d6b00000,0x00000000d6b00000)
  from space 1024K, 57% used [0x00000000d7080000,0x00000000d7113220,0x00000000d7180000)
  to   space 512K, 0% used [0x00000000d7180000,0x00000000d7180000,0x00000000d7200000)
 ParOldGen       total 68608K, used 39943K [0x0000000080000000, 0x0000000084300000, 0x00000000d5580000)
  object space 68608K, 58% used [0x0000000080000000,0x0000000082701c80,0x0000000084300000)
 Metaspace       used 59088K, committed 60416K, reserved 1114112K
  class space    used 7424K, committed 8000K, reserved 1048576K
}
Event: 258.081 GC heap after
{Heap after GC invocations=39 (full 3):
 PSYoungGen      total 22528K, used 292K [0x00000000d5580000, 0x00000000d7200000, 0x0000000100000000)
  eden space 22016K, 0% used [0x00000000d5580000,0x00000000d5580000,0x00000000d6b00000)
  from space 512K, 57% used [0x00000000d7180000,0x00000000d71c9390,0x00000000d7200000)
  to   space 512K, 0% used [0x00000000d7100000,0x00000000d7100000,0x00000000d7180000)
 ParOldGen       total 68608K, used 39959K [0x0000000080000000, 0x0000000084300000, 0x00000000d5580000)
  object space 68608K, 58% used [0x0000000080000000,0x0000000082705c80,0x0000000084300000)
 Metaspace       used 59088K, committed 60416K, reserved 1114112K
  class space    used 7424K, committed 8000K, reserved 1048576K
}
Event: 258.221 GC heap before
{Heap before GC invocations=40 (full 3):
 PSYoungGen      total 22528K, used 22308K [0x00000000d5580000, 0x00000000d7200000, 0x0000000100000000)
  eden space 22016K, 100% used [0x00000000d5580000,0x00000000d6b00000,0x00000000d6b00000)
  from space 512K, 57% used [0x00000000d7180000,0x00000000d71c9390,0x00000000d7200000)
  to   space 512K, 0% used [0x00000000d7100000,0x00000000d7100000,0x00000000d7180000)
 ParOldGen       total 68608K, used 39959K [0x0000000080000000, 0x0000000084300000, 0x00000000d5580000)
  object space 68608K, 58% used [0x0000000080000000,0x0000000082705c80,0x0000000084300000)
 Metaspace       used 59088K, committed 60416K, reserved 1114112K
  class space    used 7424K, committed 8000K, reserved 1048576K
}
Event: 258.222 GC heap after
{Heap after GC invocations=40 (full 3):
 PSYoungGen      total 22528K, used 192K [0x00000000d5580000, 0x00000000d7200000, 0x0000000100000000)
  eden space 22016K, 0% used [0x00000000d5580000,0x00000000d5580000,0x00000000d6b00000)
  from space 512K, 37% used [0x00000000d7100000,0x00000000d7130000,0x00000000d7180000)
  to   space 512K, 0% used [0x00000000d7180000,0x00000000d7180000,0x00000000d7200000)
 ParOldGen       total 68608K, used 39975K [0x0000000080000000, 0x0000000084300000, 0x00000000d5580000)
  object space 68608K, 58% used [0x0000000080000000,0x0000000082709c80,0x0000000084300000)
 Metaspace       used 59088K, committed 60416K, reserved 1114112K
  class space    used 7424K, committed 8000K, reserved 1048576K
}
Event: 258.327 GC heap before
{Heap before GC invocations=41 (full 3):
 PSYoungGen      total 22528K, used 22208K [0x00000000d5580000, 0x00000000d7200000, 0x0000000100000000)
  eden space 22016K, 100% used [0x00000000d5580000,0x00000000d6b00000,0x00000000d6b00000)
  from space 512K, 37% used [0x00000000d7100000,0x00000000d7130000,0x00000000d7180000)
  to   space 512K, 0% used [0x00000000d7180000,0x00000000d7180000,0x00000000d7200000)
 ParOldGen       total 68608K, used 39975K [0x0000000080000000, 0x0000000084300000, 0x00000000d5580000)
  object space 68608K, 58% used [0x0000000080000000,0x0000000082709c80,0x0000000084300000)
 Metaspace       used 59088K, committed 60416K, reserved 1114112K
  class space    used 7424K, committed 8000K, reserved 1048576K
}
Event: 258.327 GC heap after
{Heap after GC invocations=41 (full 3):
 PSYoungGen      total 22528K, used 229K [0x00000000d5580000, 0x00000000d7200000, 0x0000000100000000)
  eden space 22016K, 0% used [0x00000000d5580000,0x00000000d5580000,0x00000000d6b00000)
  from space 512K, 44% used [0x00000000d7180000,0x00000000d71b94d0,0x00000000d7200000)
  to   space 512K, 0% used [0x00000000d7100000,0x00000000d7100000,0x00000000d7180000)
 ParOldGen       total 68608K, used 39991K [0x0000000080000000, 0x0000000084300000, 0x00000000d5580000)
  object space 68608K, 58% used [0x0000000080000000,0x000000008270dc80,0x0000000084300000)
 Metaspace       used 59088K, committed 60416K, reserved 1114112K
  class space    used 7424K, committed 8000K, reserved 1048576K
}
Event: 258.773 GC heap before
{Heap before GC invocations=42 (full 3):
 PSYoungGen      total 22528K, used 22245K [0x00000000d5580000, 0x00000000d7200000, 0x0000000100000000)
  eden space 22016K, 100% used [0x00000000d5580000,0x00000000d6b00000,0x00000000d6b00000)
  from space 512K, 44% used [0x00000000d7180000,0x00000000d71b94d0,0x00000000d7200000)
  to   space 512K, 0% used [0x00000000d7100000,0x00000000d7100000,0x00000000d7180000)
 ParOldGen       total 68608K, used 39991K [0x0000000080000000, 0x0000000084300000, 0x00000000d5580000)
  object space 68608K, 58% used [0x0000000080000000,0x000000008270dc80,0x0000000084300000)
 Metaspace       used 59311K, committed 60608K, reserved 1114112K
  class space    used 7464K, committed 8000K, reserved 1048576K
}
Event: 258.773 GC heap after
{Heap after GC invocations=42 (full 3):
 PSYoungGen      total 22528K, used 160K [0x00000000d5580000, 0x00000000d7200000, 0x0000000100000000)
  eden space 22016K, 0% used [0x00000000d5580000,0x00000000d5580000,0x00000000d6b00000)
  from space 512K, 31% used [0x00000000d7100000,0x00000000d7128000,0x00000000d7180000)
  to   space 512K, 0% used [0x00000000d7180000,0x00000000d7180000,0x00000000d7200000)
 ParOldGen       total 68608K, used 40007K [0x0000000080000000, 0x0000000084300000, 0x00000000d5580000)
  object space 68608K, 58% used [0x0000000080000000,0x0000000082711c80,0x0000000084300000)
 Metaspace       used 59311K, committed 60608K, reserved 1114112K
  class space    used 7464K, committed 8000K, reserved 1048576K
}
Event: 266.490 GC heap before
{Heap before GC invocations=43 (full 3):
 PSYoungGen      total 22528K, used 22176K [0x00000000d5580000, 0x00000000d7200000, 0x0000000100000000)
  eden space 22016K, 100% used [0x00000000d5580000,0x00000000d6b00000,0x00000000d6b00000)
  from space 512K, 31% used [0x00000000d7100000,0x00000000d7128000,0x00000000d7180000)
  to   space 512K, 0% used [0x00000000d7180000,0x00000000d7180000,0x00000000d7200000)
 ParOldGen       total 68608K, used 40007K [0x0000000080000000, 0x0000000084300000, 0x00000000d5580000)
  object space 68608K, 58% used [0x0000000080000000,0x0000000082711c80,0x0000000084300000)
 Metaspace       used 62037K, committed 63488K, reserved 1114112K
  class space    used 7861K, committed 8448K, reserved 1048576K
}
Event: 266.491 GC heap after
{Heap after GC invocations=43 (full 3):
 PSYoungGen      total 22528K, used 499K [0x00000000d5580000, 0x00000000d7200000, 0x0000000100000000)
  eden space 22016K, 0% used [0x00000000d5580000,0x00000000d5580000,0x00000000d6b00000)
  from space 512K, 97% used [0x00000000d7180000,0x00000000d71fcd98,0x00000000d7200000)
  to   space 1024K, 0% used [0x00000000d7000000,0x00000000d7000000,0x00000000d7100000)
 ParOldGen       total 68608K, used 40247K [0x0000000080000000, 0x0000000084300000, 0x00000000d5580000)
  object space 68608K, 58% used [0x0000000080000000,0x000000008274dc80,0x0000000084300000)
 Metaspace       used 62037K, committed 63488K, reserved 1114112K
  class space    used 7861K, committed 8448K, reserved 1048576K
}
Event: 347.281 GC heap before
{Heap before GC invocations=44 (full 3):
 PSYoungGen      total 22528K, used 22515K [0x00000000d5580000, 0x00000000d7200000, 0x0000000100000000)
  eden space 22016K, 100% used [0x00000000d5580000,0x00000000d6b00000,0x00000000d6b00000)
  from space 512K, 97% used [0x00000000d7180000,0x00000000d71fcd98,0x00000000d7200000)
  to   space 1024K, 0% used [0x00000000d7000000,0x00000000d7000000,0x00000000d7100000)
 ParOldGen       total 68608K, used 40247K [0x0000000080000000, 0x0000000084300000, 0x00000000d5580000)
  object space 68608K, 58% used [0x0000000080000000,0x000000008274dc80,0x0000000084300000)
 Metaspace       used 63213K, committed 64640K, reserved 1114112K
  class space    used 7988K, committed 8576K, reserved 1048576K
}
Event: 347.282 GC heap after
{Heap after GC invocations=44 (full 3):
 PSYoungGen      total 23040K, used 755K [0x00000000d5580000, 0x00000000d7200000, 0x0000000100000000)
  eden space 22016K, 0% used [0x00000000d5580000,0x00000000d5580000,0x00000000d6b00000)
  from space 1024K, 73% used [0x00000000d7000000,0x00000000d70bcd98,0x00000000d7100000)
  to   space 1024K, 0% used [0x00000000d7100000,0x00000000d7100000,0x00000000d7200000)
 ParOldGen       total 68608K, used 40710K [0x0000000080000000, 0x0000000084300000, 0x00000000d5580000)
  object space 68608K, 59% used [0x0000000080000000,0x00000000827c19a0,0x0000000084300000)
 Metaspace       used 63213K, committed 64640K, reserved 1114112K
  class space    used 7988K, committed 8576K, reserved 1048576K
}
Event: 376.554 GC heap before
{Heap before GC invocations=45 (full 3):
 PSYoungGen      total 23040K, used 22771K [0x00000000d5580000, 0x00000000d7200000, 0x0000000100000000)
  eden space 22016K, 100% used [0x00000000d5580000,0x00000000d6b00000,0x00000000d6b00000)
  from space 1024K, 73% used [0x00000000d7000000,0x00000000d70bcd98,0x00000000d7100000)
  to   space 1024K, 0% used [0x00000000d7100000,0x00000000d7100000,0x00000000d7200000)
 ParOldGen       total 68608K, used 40710K [0x0000000080000000, 0x0000000084300000, 0x00000000d5580000)
  object space 68608K, 59% used [0x0000000080000000,0x00000000827c19a0,0x0000000084300000)
 Metaspace       used 63662K, committed 65088K, reserved 1114112K
  class space    used 8051K, committed 8640K, reserved 1048576K
}
Event: 376.557 GC heap after
{Heap after GC invocations=45 (full 3):
 PSYoungGen      total 23040K, used 848K [0x00000000d5580000, 0x00000000d7200000, 0x0000000100000000)
  eden space 22016K, 0% used [0x00000000d5580000,0x00000000d5580000,0x00000000d6b00000)
  from space 1024K, 82% used [0x00000000d7100000,0x00000000d71d4010,0x00000000d7200000)
  to   space 1024K, 0% used [0x00000000d7000000,0x00000000d7000000,0x00000000d7100000)
 ParOldGen       total 68608K, used 41342K [0x0000000080000000, 0x0000000084300000, 0x00000000d5580000)
  object space 68608K, 60% used [0x0000000080000000,0x000000008285fbb8,0x0000000084300000)
 Metaspace       used 63662K, committed 65088K, reserved 1114112K
  class space    used 8051K, committed 8640K, reserved 1048576K
}
Event: 380.031 GC heap before
{Heap before GC invocations=46 (full 3):
 PSYoungGen      total 23040K, used 22864K [0x00000000d5580000, 0x00000000d7200000, 0x0000000100000000)
  eden space 22016K, 100% used [0x00000000d5580000,0x00000000d6b00000,0x00000000d6b00000)
  from space 1024K, 82% used [0x00000000d7100000,0x00000000d71d4010,0x00000000d7200000)
  to   space 1024K, 0% used [0x00000000d7000000,0x00000000d7000000,0x00000000d7100000)
 ParOldGen       total 68608K, used 41342K [0x0000000080000000, 0x0000000084300000, 0x00000000d5580000)
  object space 68608K, 60% used [0x0000000080000000,0x000000008285fbb8,0x0000000084300000)
 Metaspace       used 63861K, committed 65344K, reserved 1114112K
  class space    used 8083K, committed 8704K, reserved 1048576K
}
Event: 380.034 GC heap after
{Heap after GC invocations=46 (full 3):
 PSYoungGen      total 22528K, used 361K [0x00000000d5580000, 0x00000000d7180000, 0x0000000100000000)
  eden space 22016K, 0% used [0x00000000d5580000,0x00000000d5580000,0x00000000d6b00000)
  from space 512K, 70% used [0x00000000d7000000,0x00000000d705a500,0x00000000d7080000)
  to   space 1024K, 0% used [0x00000000d7080000,0x00000000d7080000,0x00000000d7180000)
 ParOldGen       total 68608K, used 42014K [0x0000000080000000, 0x0000000084300000, 0x00000000d5580000)
  object space 68608K, 61% used [0x0000000080000000,0x0000000082907bb8,0x0000000084300000)
 Metaspace       used 63861K, committed 65344K, reserved 1114112K
  class space    used 8083K, committed 8704K, reserved 1048576K
}
Event: 526.270 GC heap before
{Heap before GC invocations=47 (full 3):
 PSYoungGen      total 22528K, used 22377K [0x00000000d5580000, 0x00000000d7180000, 0x0000000100000000)
  eden space 22016K, 100% used [0x00000000d5580000,0x00000000d6b00000,0x00000000d6b00000)
  from space 512K, 70% used [0x00000000d7000000,0x00000000d705a500,0x00000000d7080000)
  to   space 1024K, 0% used [0x00000000d7080000,0x00000000d7080000,0x00000000d7180000)
 ParOldGen       total 68608K, used 42014K [0x0000000080000000, 0x0000000084300000, 0x00000000d5580000)
  object space 68608K, 61% used [0x0000000080000000,0x0000000082907bb8,0x0000000084300000)
 Metaspace       used 64317K, committed 65792K, reserved 1114112K
  class space    used 8130K, committed 8768K, reserved 1048576K
}
Event: 526.271 GC heap after
{Heap after GC invocations=47 (full 3):
 PSYoungGen      total 23040K, used 1024K [0x00000000d5580000, 0x00000000d7180000, 0x0000000100000000)
  eden space 22016K, 0% used [0x00000000d5580000,0x00000000d5580000,0x00000000d6b00000)
  from space 1024K, 100% used [0x00000000d7080000,0x00000000d7180000,0x00000000d7180000)
  to   space 2048K, 0% used [0x00000000d6d80000,0x00000000d6d80000,0x00000000d6f80000)
 ParOldGen       total 68608K, used 42631K [0x0000000080000000, 0x0000000084300000, 0x00000000d5580000)
  object space 68608K, 62% used [0x0000000080000000,0x00000000829a1fb8,0x0000000084300000)
 Metaspace       used 64317K, committed 65792K, reserved 1114112K
  class space    used 8130K, committed 8768K, reserved 1048576K
}

